<?xml version="1.0" encoding="UTF-8"?>
<testsuite xmlns:xsi="http://www.w3.org/2001/XMLSchema-instance" xsi:noNamespaceSchemaLocation="https://maven.apache.org/surefire/maven-surefire-plugin/xsd/surefire-test-report-3.0.xsd" version="3.0" name="TestSuite" time="57.428" tests="17" errors="0" skipped="0" failures="0">
  <properties>
    <property name="sun.desktop" value="windows"/>
    <property name="awt.toolkit" value="sun.awt.windows.WToolkit"/>
    <property name="file.encoding.pkg" value="sun.io"/>
    <property name="java.specification.version" value="1.8"/>
    <property name="webdriver.chrome.driver" value="C:\Users\THRINESH\.cache\selenium\chromedriver\win32\108.0.5359.71\chromedriver.exe"/>
    <property name="sun.cpu.isalist" value="amd64"/>
    <property name="sun.jnu.encoding" value="Cp1252"/>
    <property name="java.class.path" value="D:\New Begin\Selenium\eclipse 2022-06 IDE\Executed data\holidaygurutravel\target\test-classes;D:\New Begin\Selenium\eclipse 2022-06 IDE\Executed data\holidaygurutravel\target\classes;C:\Users\THRINESH\.m2\repository\org\seleniumhq\selenium\selenium-java\3.141.59\selenium-java-3.141.59.jar;C:\Users\THRINESH\.m2\repository\org\seleniumhq\selenium\selenium-api\3.141.59\selenium-api-3.141.59.jar;C:\Users\THRINESH\.m2\repository\org\seleniumhq\selenium\selenium-chrome-driver\3.141.59\selenium-chrome-driver-3.141.59.jar;C:\Users\THRINESH\.m2\repository\org\seleniumhq\selenium\selenium-edge-driver\3.141.59\selenium-edge-driver-3.141.59.jar;C:\Users\THRINESH\.m2\repository\org\seleniumhq\selenium\selenium-firefox-driver\3.141.59\selenium-firefox-driver-3.141.59.jar;C:\Users\THRINESH\.m2\repository\org\seleniumhq\selenium\selenium-ie-driver\3.141.59\selenium-ie-driver-3.141.59.jar;C:\Users\THRINESH\.m2\repository\org\seleniumhq\selenium\selenium-opera-driver\3.141.59\selenium-opera-driver-3.141.59.jar;C:\Users\THRINESH\.m2\repository\org\seleniumhq\selenium\selenium-remote-driver\3.141.59\selenium-remote-driver-3.141.59.jar;C:\Users\THRINESH\.m2\repository\org\seleniumhq\selenium\selenium-safari-driver\3.141.59\selenium-safari-driver-3.141.59.jar;C:\Users\THRINESH\.m2\repository\org\seleniumhq\selenium\selenium-support\3.141.59\selenium-support-3.141.59.jar;C:\Users\THRINESH\.m2\repository\net\bytebuddy\byte-buddy\1.8.15\byte-buddy-1.8.15.jar;C:\Users\THRINESH\.m2\repository\org\apache\commons\commons-exec\1.3\commons-exec-1.3.jar;C:\Users\THRINESH\.m2\repository\com\google\guava\guava\25.0-jre\guava-25.0-jre.jar;C:\Users\THRINESH\.m2\repository\com\google\code\findbugs\jsr305\1.3.9\jsr305-1.3.9.jar;C:\Users\THRINESH\.m2\repository\org\checkerframework\checker-compat-qual\2.0.0\checker-compat-qual-2.0.0.jar;C:\Users\THRINESH\.m2\repository\com\google\errorprone\error_prone_annotations\2.1.3\error_prone_annotations-2.1.3.jar;C:\Users\THRINESH\.m2\repository\com\google\j2objc\j2objc-annotations\1.1\j2objc-annotations-1.1.jar;C:\Users\THRINESH\.m2\repository\org\codehaus\mojo\animal-sniffer-annotations\1.14\animal-sniffer-annotations-1.14.jar;C:\Users\THRINESH\.m2\repository\com\squareup\okhttp3\okhttp\3.11.0\okhttp-3.11.0.jar;C:\Users\THRINESH\.m2\repository\com\squareup\okio\okio\1.14.0\okio-1.14.0.jar;C:\Users\THRINESH\.m2\repository\io\github\bonigarcia\webdrivermanager\5.3.1\webdrivermanager-5.3.1.jar;C:\Users\THRINESH\.m2\repository\org\slf4j\slf4j-api\2.0.3\slf4j-api-2.0.3.jar;C:\Users\THRINESH\.m2\repository\com\google\code\gson\gson\2.10\gson-2.10.jar;C:\Users\THRINESH\.m2\repository\com\github\docker-java\docker-java\3.2.13\docker-java-3.2.13.jar;C:\Users\THRINESH\.m2\repository\com\github\docker-java\docker-java-core\3.2.13\docker-java-core-3.2.13.jar;C:\Users\THRINESH\.m2\repository\com\github\docker-java\docker-java-api\3.2.13\docker-java-api-3.2.13.jar;C:\Users\THRINESH\.m2\repository\com\fasterxml\jackson\core\jackson-annotations\2.10.3\jackson-annotations-2.10.3.jar;C:\Users\THRINESH\.m2\repository\com\fasterxml\jackson\core\jackson-databind\2.10.3\jackson-databind-2.10.3.jar;C:\Users\THRINESH\.m2\repository\com\fasterxml\jackson\core\jackson-core\2.10.3\jackson-core-2.10.3.jar;C:\Users\THRINESH\.m2\repository\org\bouncycastle\bcpkix-jdk15on\1.64\bcpkix-jdk15on-1.64.jar;C:\Users\THRINESH\.m2\repository\org\bouncycastle\bcprov-jdk15on\1.64\bcprov-jdk15on-1.64.jar;C:\Users\THRINESH\.m2\repository\org\slf4j\jcl-over-slf4j\1.7.30\jcl-over-slf4j-1.7.30.jar;C:\Users\THRINESH\.m2\repository\com\github\docker-java\docker-java-transport-httpclient5\3.2.13\docker-java-transport-httpclient5-3.2.13.jar;C:\Users\THRINESH\.m2\repository\com\github\docker-java\docker-java-transport\3.2.13\docker-java-transport-3.2.13.jar;C:\Users\THRINESH\.m2\repository\net\java\dev\jna\jna\5.8.0\jna-5.8.0.jar;C:\Users\THRINESH\.m2\repository\org\brotli\dec\0.1.2\dec-0.1.2.jar;C:\Users\THRINESH\.m2\repository\org\apache\commons\commons-lang3\3.12.0\commons-lang3-3.12.0.jar;C:\Users\THRINESH\.m2\repository\org\apache\httpcomponents\client5\httpclient5\5.1.3\httpclient5-5.1.3.jar;C:\Users\THRINESH\.m2\repository\org\apache\httpcomponents\core5\httpcore5\5.1.3\httpcore5-5.1.3.jar;C:\Users\THRINESH\.m2\repository\org\apache\httpcomponents\core5\httpcore5-h2\5.1.3\httpcore5-h2-5.1.3.jar;C:\Users\THRINESH\.m2\repository\org\seleniumhq\selenium\htmlunit-driver\3.56.0\htmlunit-driver-3.56.0.jar;C:\Users\THRINESH\.m2\repository\net\sourceforge\htmlunit\htmlunit\2.56.0\htmlunit-2.56.0.jar;C:\Users\THRINESH\.m2\repository\xalan\xalan\2.7.2\xalan-2.7.2.jar;C:\Users\THRINESH\.m2\repository\xalan\serializer\2.7.2\serializer-2.7.2.jar;C:\Users\THRINESH\.m2\repository\org\apache\commons\commons-text\1.9\commons-text-1.9.jar;C:\Users\THRINESH\.m2\repository\org\apache\httpcomponents\httpmime\4.5.13\httpmime-4.5.13.jar;C:\Users\THRINESH\.m2\repository\org\apache\httpcomponents\httpclient\4.5.13\httpclient-4.5.13.jar;C:\Users\THRINESH\.m2\repository\org\apache\httpcomponents\httpcore\4.4.13\httpcore-4.4.13.jar;C:\Users\THRINESH\.m2\repository\net\sourceforge\htmlunit\htmlunit-core-js\2.56.0\htmlunit-core-js-2.56.0.jar;C:\Users\THRINESH\.m2\repository\net\sourceforge\htmlunit\neko-htmlunit\2.56.0\neko-htmlunit-2.56.0.jar;C:\Users\THRINESH\.m2\repository\xerces\xercesImpl\2.12.1\xercesImpl-2.12.1.jar;C:\Users\THRINESH\.m2\repository\net\sourceforge\htmlunit\htmlunit-cssparser\1.11.0\htmlunit-cssparser-1.11.0.jar;C:\Users\THRINESH\.m2\repository\commons-logging\commons-logging\1.2\commons-logging-1.2.jar;C:\Users\THRINESH\.m2\repository\commons-net\commons-net\3.8.0\commons-net-3.8.0.jar;C:\Users\THRINESH\.m2\repository\com\shapesecurity\salvation2\3.0.0\salvation2-3.0.0.jar;C:\Users\THRINESH\.m2\repository\org\eclipse\jetty\websocket\websocket-client\9.4.44.v20210927\websocket-client-9.4.44.v20210927.jar;C:\Users\THRINESH\.m2\repository\org\eclipse\jetty\jetty-client\9.4.44.v20210927\jetty-client-9.4.44.v20210927.jar;C:\Users\THRINESH\.m2\repository\org\eclipse\jetty\jetty-http\9.4.44.v20210927\jetty-http-9.4.44.v20210927.jar;C:\Users\THRINESH\.m2\repository\org\eclipse\jetty\jetty-util\9.4.44.v20210927\jetty-util-9.4.44.v20210927.jar;C:\Users\THRINESH\.m2\repository\org\eclipse\jetty\jetty-io\9.4.44.v20210927\jetty-io-9.4.44.v20210927.jar;C:\Users\THRINESH\.m2\repository\org\eclipse\jetty\websocket\websocket-common\9.4.44.v20210927\websocket-common-9.4.44.v20210927.jar;C:\Users\THRINESH\.m2\repository\org\eclipse\jetty\websocket\websocket-api\9.4.44.v20210927\websocket-api-9.4.44.v20210927.jar;C:\Users\THRINESH\.m2\repository\com\mysql\mysql-connector-j\8.0.31\mysql-connector-j-8.0.31.jar;C:\Users\THRINESH\.m2\repository\com\google\protobuf\protobuf-java\3.19.4\protobuf-java-3.19.4.jar;C:\Users\THRINESH\.m2\repository\org\apache\poi\poi\5.2.3\poi-5.2.3.jar;C:\Users\THRINESH\.m2\repository\commons-codec\commons-codec\1.15\commons-codec-1.15.jar;C:\Users\THRINESH\.m2\repository\org\apache\commons\commons-collections4\4.4\commons-collections4-4.4.jar;C:\Users\THRINESH\.m2\repository\org\apache\commons\commons-math3\3.6.1\commons-math3-3.6.1.jar;C:\Users\THRINESH\.m2\repository\commons-io\commons-io\2.11.0\commons-io-2.11.0.jar;C:\Users\THRINESH\.m2\repository\com\zaxxer\SparseBitSet\1.2\SparseBitSet-1.2.jar;C:\Users\THRINESH\.m2\repository\org\apache\logging\log4j\log4j-api\2.18.0\log4j-api-2.18.0.jar;C:\Users\THRINESH\.m2\repository\org\apache\poi\poi-ooxml\5.2.3\poi-ooxml-5.2.3.jar;C:\Users\THRINESH\.m2\repository\org\apache\poi\poi-ooxml-lite\5.2.3\poi-ooxml-lite-5.2.3.jar;C:\Users\THRINESH\.m2\repository\org\apache\xmlbeans\xmlbeans\5.1.1\xmlbeans-5.1.1.jar;C:\Users\THRINESH\.m2\repository\xml-apis\xml-apis\1.4.01\xml-apis-1.4.01.jar;C:\Users\THRINESH\.m2\repository\org\apache\commons\commons-compress\1.21\commons-compress-1.21.jar;C:\Users\THRINESH\.m2\repository\com\github\virtuald\curvesapi\1.07\curvesapi-1.07.jar;C:\Users\THRINESH\.m2\repository\org\testng\testng\6.9.8\testng-6.9.8.jar;C:\Users\THRINESH\.m2\repository\org\beanshell\bsh\2.0b4\bsh-2.0b4.jar;C:\Users\THRINESH\.m2\repository\com\beust\jcommander\1.48\jcommander-1.48.jar;C:\Users\THRINESH\.m2\repository\com\aventstack\extentreports\5.0.9\extentreports-5.0.9.jar;C:\Users\THRINESH\.m2\repository\io\reactivex\rxjava3\rxjava\3.0.4\rxjava-3.0.4.jar;C:\Users\THRINESH\.m2\repository\org\reactivestreams\reactive-streams\1.0.3\reactive-streams-1.0.3.jar;C:\Users\THRINESH\.m2\repository\org\freemarker\freemarker\2.3.30\freemarker-2.3.30.jar;C:\Users\THRINESH\.m2\repository\org\projectlombok\lombok\1.18.12\lombok-1.18.12.jar;"/>
    <property name="java.vm.vendor" value="Oracle Corporation"/>
    <property name="sun.arch.data.model" value="64"/>
    <property name="user.variant" value=""/>
    <property name="java.vendor.url" value="http://java.oracle.com/"/>
    <property name="user.timezone" value="Asia/Calcutta"/>
    <property name="java.vm.specification.version" value="1.8"/>
    <property name="os.name" value="Windows 10"/>
    <property name="user.country" value="IN"/>
    <property name="sun.java.launcher" value="SUN_STANDARD"/>
    <property name="sun.boot.library.path" value="C:\Program Files\Java\jdk1.8.0_291\jre\bin"/>
    <property name="sun.java.command" value="C:\Users\THRINESH\AppData\Local\Temp\surefire9099166005860552964\surefirebooter-20221215113248664_3.jar C:\Users\THRINESH\AppData\Local\Temp\surefire9099166005860552964 2022-12-15T11-32-48_317-jvmRun1 surefire-20221215113248664_1tmp surefire_0-20221215113248664_2tmp"/>
    <property name="surefire.test.class.path" value="D:\New Begin\Selenium\eclipse 2022-06 IDE\Executed data\holidaygurutravel\target\test-classes;D:\New Begin\Selenium\eclipse 2022-06 IDE\Executed data\holidaygurutravel\target\classes;C:\Users\THRINESH\.m2\repository\org\seleniumhq\selenium\selenium-java\3.141.59\selenium-java-3.141.59.jar;C:\Users\THRINESH\.m2\repository\org\seleniumhq\selenium\selenium-api\3.141.59\selenium-api-3.141.59.jar;C:\Users\THRINESH\.m2\repository\org\seleniumhq\selenium\selenium-chrome-driver\3.141.59\selenium-chrome-driver-3.141.59.jar;C:\Users\THRINESH\.m2\repository\org\seleniumhq\selenium\selenium-edge-driver\3.141.59\selenium-edge-driver-3.141.59.jar;C:\Users\THRINESH\.m2\repository\org\seleniumhq\selenium\selenium-firefox-driver\3.141.59\selenium-firefox-driver-3.141.59.jar;C:\Users\THRINESH\.m2\repository\org\seleniumhq\selenium\selenium-ie-driver\3.141.59\selenium-ie-driver-3.141.59.jar;C:\Users\THRINESH\.m2\repository\org\seleniumhq\selenium\selenium-opera-driver\3.141.59\selenium-opera-driver-3.141.59.jar;C:\Users\THRINESH\.m2\repository\org\seleniumhq\selenium\selenium-remote-driver\3.141.59\selenium-remote-driver-3.141.59.jar;C:\Users\THRINESH\.m2\repository\org\seleniumhq\selenium\selenium-safari-driver\3.141.59\selenium-safari-driver-3.141.59.jar;C:\Users\THRINESH\.m2\repository\org\seleniumhq\selenium\selenium-support\3.141.59\selenium-support-3.141.59.jar;C:\Users\THRINESH\.m2\repository\net\bytebuddy\byte-buddy\1.8.15\byte-buddy-1.8.15.jar;C:\Users\THRINESH\.m2\repository\org\apache\commons\commons-exec\1.3\commons-exec-1.3.jar;C:\Users\THRINESH\.m2\repository\com\google\guava\guava\25.0-jre\guava-25.0-jre.jar;C:\Users\THRINESH\.m2\repository\com\google\code\findbugs\jsr305\1.3.9\jsr305-1.3.9.jar;C:\Users\THRINESH\.m2\repository\org\checkerframework\checker-compat-qual\2.0.0\checker-compat-qual-2.0.0.jar;C:\Users\THRINESH\.m2\repository\com\google\errorprone\error_prone_annotations\2.1.3\error_prone_annotations-2.1.3.jar;C:\Users\THRINESH\.m2\repository\com\google\j2objc\j2objc-annotations\1.1\j2objc-annotations-1.1.jar;C:\Users\THRINESH\.m2\repository\org\codehaus\mojo\animal-sniffer-annotations\1.14\animal-sniffer-annotations-1.14.jar;C:\Users\THRINESH\.m2\repository\com\squareup\okhttp3\okhttp\3.11.0\okhttp-3.11.0.jar;C:\Users\THRINESH\.m2\repository\com\squareup\okio\okio\1.14.0\okio-1.14.0.jar;C:\Users\THRINESH\.m2\repository\io\github\bonigarcia\webdrivermanager\5.3.1\webdrivermanager-5.3.1.jar;C:\Users\THRINESH\.m2\repository\org\slf4j\slf4j-api\2.0.3\slf4j-api-2.0.3.jar;C:\Users\THRINESH\.m2\repository\com\google\code\gson\gson\2.10\gson-2.10.jar;C:\Users\THRINESH\.m2\repository\com\github\docker-java\docker-java\3.2.13\docker-java-3.2.13.jar;C:\Users\THRINESH\.m2\repository\com\github\docker-java\docker-java-core\3.2.13\docker-java-core-3.2.13.jar;C:\Users\THRINESH\.m2\repository\com\github\docker-java\docker-java-api\3.2.13\docker-java-api-3.2.13.jar;C:\Users\THRINESH\.m2\repository\com\fasterxml\jackson\core\jackson-annotations\2.10.3\jackson-annotations-2.10.3.jar;C:\Users\THRINESH\.m2\repository\com\fasterxml\jackson\core\jackson-databind\2.10.3\jackson-databind-2.10.3.jar;C:\Users\THRINESH\.m2\repository\com\fasterxml\jackson\core\jackson-core\2.10.3\jackson-core-2.10.3.jar;C:\Users\THRINESH\.m2\repository\org\bouncycastle\bcpkix-jdk15on\1.64\bcpkix-jdk15on-1.64.jar;C:\Users\THRINESH\.m2\repository\org\bouncycastle\bcprov-jdk15on\1.64\bcprov-jdk15on-1.64.jar;C:\Users\THRINESH\.m2\repository\org\slf4j\jcl-over-slf4j\1.7.30\jcl-over-slf4j-1.7.30.jar;C:\Users\THRINESH\.m2\repository\com\github\docker-java\docker-java-transport-httpclient5\3.2.13\docker-java-transport-httpclient5-3.2.13.jar;C:\Users\THRINESH\.m2\repository\com\github\docker-java\docker-java-transport\3.2.13\docker-java-transport-3.2.13.jar;C:\Users\THRINESH\.m2\repository\net\java\dev\jna\jna\5.8.0\jna-5.8.0.jar;C:\Users\THRINESH\.m2\repository\org\brotli\dec\0.1.2\dec-0.1.2.jar;C:\Users\THRINESH\.m2\repository\org\apache\commons\commons-lang3\3.12.0\commons-lang3-3.12.0.jar;C:\Users\THRINESH\.m2\repository\org\apache\httpcomponents\client5\httpclient5\5.1.3\httpclient5-5.1.3.jar;C:\Users\THRINESH\.m2\repository\org\apache\httpcomponents\core5\httpcore5\5.1.3\httpcore5-5.1.3.jar;C:\Users\THRINESH\.m2\repository\org\apache\httpcomponents\core5\httpcore5-h2\5.1.3\httpcore5-h2-5.1.3.jar;C:\Users\THRINESH\.m2\repository\org\seleniumhq\selenium\htmlunit-driver\3.56.0\htmlunit-driver-3.56.0.jar;C:\Users\THRINESH\.m2\repository\net\sourceforge\htmlunit\htmlunit\2.56.0\htmlunit-2.56.0.jar;C:\Users\THRINESH\.m2\repository\xalan\xalan\2.7.2\xalan-2.7.2.jar;C:\Users\THRINESH\.m2\repository\xalan\serializer\2.7.2\serializer-2.7.2.jar;C:\Users\THRINESH\.m2\repository\org\apache\commons\commons-text\1.9\commons-text-1.9.jar;C:\Users\THRINESH\.m2\repository\org\apache\httpcomponents\httpmime\4.5.13\httpmime-4.5.13.jar;C:\Users\THRINESH\.m2\repository\org\apache\httpcomponents\httpclient\4.5.13\httpclient-4.5.13.jar;C:\Users\THRINESH\.m2\repository\org\apache\httpcomponents\httpcore\4.4.13\httpcore-4.4.13.jar;C:\Users\THRINESH\.m2\repository\net\sourceforge\htmlunit\htmlunit-core-js\2.56.0\htmlunit-core-js-2.56.0.jar;C:\Users\THRINESH\.m2\repository\net\sourceforge\htmlunit\neko-htmlunit\2.56.0\neko-htmlunit-2.56.0.jar;C:\Users\THRINESH\.m2\repository\xerces\xercesImpl\2.12.1\xercesImpl-2.12.1.jar;C:\Users\THRINESH\.m2\repository\net\sourceforge\htmlunit\htmlunit-cssparser\1.11.0\htmlunit-cssparser-1.11.0.jar;C:\Users\THRINESH\.m2\repository\commons-logging\commons-logging\1.2\commons-logging-1.2.jar;C:\Users\THRINESH\.m2\repository\commons-net\commons-net\3.8.0\commons-net-3.8.0.jar;C:\Users\THRINESH\.m2\repository\com\shapesecurity\salvation2\3.0.0\salvation2-3.0.0.jar;C:\Users\THRINESH\.m2\repository\org\eclipse\jetty\websocket\websocket-client\9.4.44.v20210927\websocket-client-9.4.44.v20210927.jar;C:\Users\THRINESH\.m2\repository\org\eclipse\jetty\jetty-client\9.4.44.v20210927\jetty-client-9.4.44.v20210927.jar;C:\Users\THRINESH\.m2\repository\org\eclipse\jetty\jetty-http\9.4.44.v20210927\jetty-http-9.4.44.v20210927.jar;C:\Users\THRINESH\.m2\repository\org\eclipse\jetty\jetty-util\9.4.44.v20210927\jetty-util-9.4.44.v20210927.jar;C:\Users\THRINESH\.m2\repository\org\eclipse\jetty\jetty-io\9.4.44.v20210927\jetty-io-9.4.44.v20210927.jar;C:\Users\THRINESH\.m2\repository\org\eclipse\jetty\websocket\websocket-common\9.4.44.v20210927\websocket-common-9.4.44.v20210927.jar;C:\Users\THRINESH\.m2\repository\org\eclipse\jetty\websocket\websocket-api\9.4.44.v20210927\websocket-api-9.4.44.v20210927.jar;C:\Users\THRINESH\.m2\repository\com\mysql\mysql-connector-j\8.0.31\mysql-connector-j-8.0.31.jar;C:\Users\THRINESH\.m2\repository\com\google\protobuf\protobuf-java\3.19.4\protobuf-java-3.19.4.jar;C:\Users\THRINESH\.m2\repository\org\apache\poi\poi\5.2.3\poi-5.2.3.jar;C:\Users\THRINESH\.m2\repository\commons-codec\commons-codec\1.15\commons-codec-1.15.jar;C:\Users\THRINESH\.m2\repository\org\apache\commons\commons-collections4\4.4\commons-collections4-4.4.jar;C:\Users\THRINESH\.m2\repository\org\apache\commons\commons-math3\3.6.1\commons-math3-3.6.1.jar;C:\Users\THRINESH\.m2\repository\commons-io\commons-io\2.11.0\commons-io-2.11.0.jar;C:\Users\THRINESH\.m2\repository\com\zaxxer\SparseBitSet\1.2\SparseBitSet-1.2.jar;C:\Users\THRINESH\.m2\repository\org\apache\logging\log4j\log4j-api\2.18.0\log4j-api-2.18.0.jar;C:\Users\THRINESH\.m2\repository\org\apache\poi\poi-ooxml\5.2.3\poi-ooxml-5.2.3.jar;C:\Users\THRINESH\.m2\repository\org\apache\poi\poi-ooxml-lite\5.2.3\poi-ooxml-lite-5.2.3.jar;C:\Users\THRINESH\.m2\repository\org\apache\xmlbeans\xmlbeans\5.1.1\xmlbeans-5.1.1.jar;C:\Users\THRINESH\.m2\repository\xml-apis\xml-apis\1.4.01\xml-apis-1.4.01.jar;C:\Users\THRINESH\.m2\repository\org\apache\commons\commons-compress\1.21\commons-compress-1.21.jar;C:\Users\THRINESH\.m2\repository\com\github\virtuald\curvesapi\1.07\curvesapi-1.07.jar;C:\Users\THRINESH\.m2\repository\org\testng\testng\6.9.8\testng-6.9.8.jar;C:\Users\THRINESH\.m2\repository\org\beanshell\bsh\2.0b4\bsh-2.0b4.jar;C:\Users\THRINESH\.m2\repository\com\beust\jcommander\1.48\jcommander-1.48.jar;C:\Users\THRINESH\.m2\repository\com\aventstack\extentreports\5.0.9\extentreports-5.0.9.jar;C:\Users\THRINESH\.m2\repository\io\reactivex\rxjava3\rxjava\3.0.4\rxjava-3.0.4.jar;C:\Users\THRINESH\.m2\repository\org\reactivestreams\reactive-streams\1.0.3\reactive-streams-1.0.3.jar;C:\Users\THRINESH\.m2\repository\org\freemarker\freemarker\2.3.30\freemarker-2.3.30.jar;C:\Users\THRINESH\.m2\repository\org\projectlombok\lombok\1.18.12\lombok-1.18.12.jar;"/>
    <property name="sun.cpu.endian" value="little"/>
    <property name="user.home" value="C:\Users\THRINESH"/>
    <property name="user.language" value="en"/>
    <property name="java.specification.vendor" value="Oracle Corporation"/>
    <property name="java.home" value="C:\Program Files\Java\jdk1.8.0_291\jre"/>
    <property name="basedir" value="D:\New Begin\Selenium\eclipse 2022-06 IDE\Executed data\holidaygurutravel"/>
    <property name="file.separator" value="\"/>
    <property name="line.separator" value="&#10;"/>
    <property name="java.vm.specification.vendor" value="Oracle Corporation"/>
    <property name="java.specification.name" value="Java Platform API Specification"/>
    <property name="java.awt.graphicsenv" value="sun.awt.Win32GraphicsEnvironment"/>
    <property name="surefire.real.class.path" value="C:\Users\THRINESH\AppData\Local\Temp\surefire9099166005860552964\surefirebooter-20221215113248664_3.jar"/>
    <property name="sun.boot.class.path" value="C:\Program Files\Java\jdk1.8.0_291\jre\lib\resources.jar;C:\Program Files\Java\jdk1.8.0_291\jre\lib\rt.jar;C:\Program Files\Java\jdk1.8.0_291\jre\lib\sunrsasign.jar;C:\Program Files\Java\jdk1.8.0_291\jre\lib\jsse.jar;C:\Program Files\Java\jdk1.8.0_291\jre\lib\jce.jar;C:\Program Files\Java\jdk1.8.0_291\jre\lib\charsets.jar;C:\Program Files\Java\jdk1.8.0_291\jre\lib\jfr.jar;C:\Program Files\Java\jdk1.8.0_291\jre\classes"/>
    <property name="user.script" value=""/>
    <property name="sun.management.compiler" value="HotSpot 64-Bit Tiered Compilers"/>
    <property name="java.runtime.version" value="1.8.0_291-b10"/>
    <property name="user.name" value="THRINESH"/>
    <property name="path.separator" value=";"/>
    <property name="os.version" value="10.0"/>
    <property name="java.endorsed.dirs" value="C:\Program Files\Java\jdk1.8.0_291\jre\lib\endorsed"/>
    <property name="java.runtime.name" value="Java(TM) SE Runtime Environment"/>
    <property name="file.encoding" value="Cp1252"/>
    <property name="java.vm.name" value="Java HotSpot(TM) 64-Bit Server VM"/>
    <property name="localRepository" value="C:\Users\THRINESH\.m2\repository"/>
    <property name="java.vendor.url.bug" value="http://bugreport.sun.com/bugreport/"/>
    <property name="java.io.tmpdir" value="C:\Users\THRINESH\AppData\Local\Temp\"/>
    <property name="java.version" value="1.8.0_291"/>
    <property name="user.dir" value="D:\New Begin\Selenium\eclipse 2022-06 IDE\Executed data\holidaygurutravel"/>
    <property name="os.arch" value="amd64"/>
    <property name="java.vm.specification.name" value="Java Virtual Machine Specification"/>
    <property name="java.awt.printerjob" value="sun.awt.windows.WPrinterJob"/>
    <property name="sun.os.patch.level" value=""/>
    <property name="java.library.path" value="C:\Program Files\Java\jdk1.8.0_291\jre\bin;C:\Windows\Sun\Java\bin;C:\Windows\system32;C:\Windows;C:\Program Files (x86)\Common Files\Oracle\Java\javapath;C:\Program Files\dotnet\;C:\Program Files\Java\jdk1.8.0_291\bin;C:\Program Files\apache-maven-3.8.4\bin;C:\Program Files\Git\cmd;C:\Users\THRINESH\AppData\Local\Microsoft\WindowsApps;."/>
    <property name="java.vm.info" value="mixed mode"/>
    <property name="java.vendor" value="Oracle Corporation"/>
    <property name="java.vm.version" value="25.291-b10"/>
    <property name="java.ext.dirs" value="C:\Program Files\Java\jdk1.8.0_291\jre\lib\ext;C:\Windows\Sun\Java\lib\ext"/>
    <property name="sun.io.unicode.encoding" value="UnicodeLittle"/>
    <property name="java.class.version" value="52.0"/>
  </properties>
  <testcase name="dataProTest[Bangalore, 560058](1)" classname="com.testNGpractice.DataProviderPractice" time="0.011">
    <system-out><![CDATA[CityName-------->Bangalore-----Pincode------>560058
]]></system-out>
  </testcase>
  <testcase name="dataProTest[Mandya, 573201](2)" classname="com.testNGpractice.DataProviderPractice" time="0.001">
    <system-out><![CDATA[CityName-------->Mandya-----Pincode------>573201
]]></system-out>
  </testcase>
  <testcase name="dataProTest[Kodagu, 571232](3)" classname="com.testNGpractice.DataProviderPractice" time="0.002">
    <system-out><![CDATA[CityName-------->Kodagu-----Pincode------>571232
]]></system-out>
  </testcase>
  <testcase name="dataProTest[vizag, 530013](4)" classname="com.testNGpractice.DataProviderPractice" time="0.001">
    <system-out><![CDATA[CityName-------->vizag-----Pincode------>530013
]]></system-out>
  </testcase>
  <testcase name="dataProTest1[admin1, password1](1)" classname="com.testNGpractice.DataProviderPractice" time="0">
    <system-out><![CDATA[admin1
password1
admin2
password2
admin3
password3
admin4
password4
admin5
password5
admin6
password6
admin7
password7
admin8
password8
admin9
password9
admin10
password10
admin11
password11
username-------->admin1-----password------>password1

]]></system-out>
    <system-err><![CDATA[ERROR StatusLogger Log4j2 could not find a logging implementation. Please add log4j-core to the classpath. Using SimpleLogger to log to the console...
]]></system-err>
  </testcase>
  <testcase name="dataProTest1[admin2, password2](2)" classname="com.testNGpractice.DataProviderPractice" time="0.002">
    <system-out><![CDATA[username-------->admin2-----password------>password2

]]></system-out>
  </testcase>
  <testcase name="dataProTest1[admin3, password3](3)" classname="com.testNGpractice.DataProviderPractice" time="0.001">
    <system-out><![CDATA[username-------->admin3-----password------>password3

]]></system-out>
  </testcase>
  <testcase name="dataProTest1[admin4, password4](4)" classname="com.testNGpractice.DataProviderPractice" time="0.001">
    <system-out><![CDATA[username-------->admin4-----password------>password4

]]></system-out>
  </testcase>
  <testcase name="dataProTest1[admin5, password5](5)" classname="com.testNGpractice.DataProviderPractice" time="0.001">
    <system-out><![CDATA[username-------->admin5-----password------>password5

]]></system-out>
  </testcase>
  <testcase name="dataProTest1[admin6, password6](6)" classname="com.testNGpractice.DataProviderPractice" time="0.001">
    <system-out><![CDATA[username-------->admin6-----password------>password6

]]></system-out>
  </testcase>
  <testcase name="dataProTest1[admin7, password7](7)" classname="com.testNGpractice.DataProviderPractice" time="0.001">
    <system-out><![CDATA[username-------->admin7-----password------>password7

]]></system-out>
  </testcase>
  <testcase name="dataProTest1[admin8, password8](8)" classname="com.testNGpractice.DataProviderPractice" time="0.001">
    <system-out><![CDATA[username-------->admin8-----password------>password8

]]></system-out>
  </testcase>
  <testcase name="dataProTest1[admin9, password9](9)" classname="com.testNGpractice.DataProviderPractice" time="0.001">
    <system-out><![CDATA[username-------->admin9-----password------>password9

]]></system-out>
  </testcase>
  <testcase name="dataProTest1[admin10, password10](10)" classname="com.testNGpractice.DataProviderPractice" time="0.001">
    <system-out><![CDATA[username-------->admin10-----password------>password10

]]></system-out>
  </testcase>
  <testcase name="dataProTest1[admin11, password11](11)" classname="com.testNGpractice.DataProviderPractice" time="0.004">
    <system-out><![CDATA[username-------->admin11-----password------>password11

]]></system-out>
  </testcase>
  <testcase name="lunchBrowser" classname="com.testNGpractice.TestNgPractice2" time="55.023">
    <system-err><![CDATA[SLF4J: No SLF4J providers were found.
SLF4J: Defaulting to no-operation (NOP) logger implementation
SLF4J: See https://www.slf4j.org/codes.html#noProviders for further details.
Starting ChromeDriver 108.0.5359.71 (1e0e3868ee06e91ad636a874420e3ca3ae3756ac-refs/branch-heads/5359@{#1016}) on port 20376
Only local connections are allowed.
Please see https://chromedriver.chromium.org/security-considerations for suggestions on keeping ChromeDriver safe.
ChromeDriver was started successfully.
Dec 15, 2022 11:32:52 AM org.openqa.selenium.remote.ProtocolHandshake createSession
INFO: Detected dialect: W3C
[1671084214.410][WARNING]: Timed out connecting to Chrome, retrying...
[1671084222.513][WARNING]: Timed out connecting to Chrome, retrying...
]]></system-err>
  </testcase>
  <testcase name="p2T2" classname="com.testNGpractice.TestNgPractice2" time="0.001">
    <system-out><![CDATA[sanity
]]></system-out>
  </testcase>
</testsuite>