<?xml version="1.0" encoding="UTF-8"?>
<!-- Generated by org.testng.reporters.JUnitReportReporter -->
<testsuite hostname="DESKTOP-A2L4RGV" failures="0" tests="1" name="com.TestNgTestScript.UserbookpackageTest" time="4.653" errors="0" timestamp="2022-12-16T18:18:53 IST" skipped="0">
  <testcase classname="com.TestNgTestScript.UserbookpackageTest" name="testCase3" time="4.653"/>
  <system-out>
    <![CDATA[User is Successfully logged in
regrasion Test case3 is pass]]>
  </system-out>
</testsuite> <!-- com.TestNgTestScript.UserbookpackageTest -->
