<?xml version="1.0" encoding="UTF-8"?>
<!-- Generated by org.testng.reporters.JUnitReportReporter -->
<testsuite hostname="DESKTOP-A2L4RGV" failures="0" tests="1" name="com.holidaygurutravel.AdmincreatepackageTest" time="4.099" errors="0" timestamp="2022-11-17T17:55:00 IST" skipped="0">
  <testcase classname="com.holidaygurutravel.AdmincreatepackageTest" name="admincreatePackage" time="4.099"/>
  <system-out/>
</testsuite> <!-- com.holidaygurutravel.AdmincreatepackageTest -->
