<?xml version="1.0" encoding="UTF-8"?>
<!-- Generated by org.testng.reporters.JUnitReportReporter -->
<testsuite hostname="DESKTOP-A2L4RGV" failures="0" tests="2" name="com.testNGpractice.TestNgPractice2" time="13.716" errors="0" timestamp="2022-12-19T10:52:46 IST" skipped="0">
  <testcase classname="com.testNGpractice.TestNgPractice2" name="lunchBrowser" time="13.715"/>
  <system-out/>
  <testcase classname="com.testNGpractice.TestNgPractice2" name="p2T2" time="0.001"/>
  <system-out/>
</testsuite> <!-- com.testNGpractice.TestNgPractice2 -->
