<?xml version="1.0" encoding="UTF-8"?>
<!-- Generated by org.testng.reporters.JUnitReportReporter -->
<testsuite hostname="DESKTOP-A2L4RGV" failures="0" tests="15" name="com.testNGpractice.DataProviderPractice" time="0.031" errors="0" timestamp="2022-12-19T10:52:46 IST" skipped="0">
  <testcase classname="com.testNGpractice.DataProviderPractice" name="dataProTest1" time="0.003"/>
  <system-out>
    <![CDATA[Test pass]]>
  </system-out>
  <testcase classname="com.testNGpractice.DataProviderPractice" name="dataProTest1" time="0.004"/>
  <system-out>
    <![CDATA[Test pass]]>
  </system-out>
  <testcase classname="com.testNGpractice.DataProviderPractice" name="dataProTest1" time="0.001"/>
  <system-out>
    <![CDATA[Test pass]]>
  </system-out>
  <testcase classname="com.testNGpractice.DataProviderPractice" name="dataProTest" time="0.006"/>
  <system-out/>
  <testcase classname="com.testNGpractice.DataProviderPractice" name="dataProTest1" time="0.000"/>
  <system-out>
    <![CDATA[Test pass]]>
  </system-out>
  <testcase classname="com.testNGpractice.DataProviderPractice" name="dataProTest1" time="0.001"/>
  <system-out>
    <![CDATA[Test pass]]>
  </system-out>
  <testcase classname="com.testNGpractice.DataProviderPractice" name="dataProTest1" time="0.002"/>
  <system-out>
    <![CDATA[Test pass]]>
  </system-out>
  <testcase classname="com.testNGpractice.DataProviderPractice" name="dataProTest1" time="0.005"/>
  <system-out>
    <![CDATA[Test pass]]>
  </system-out>
  <testcase classname="com.testNGpractice.DataProviderPractice" name="dataProTest1" time="0.001"/>
  <system-out>
    <![CDATA[Test pass]]>
  </system-out>
  <testcase classname="com.testNGpractice.DataProviderPractice" name="dataProTest1" time="0.002"/>
  <system-out>
    <![CDATA[Test pass]]>
  </system-out>
  <testcase classname="com.testNGpractice.DataProviderPractice" name="dataProTest1" time="0.001"/>
  <system-out>
    <![CDATA[Test pass]]>
  </system-out>
  <testcase classname="com.testNGpractice.DataProviderPractice" name="dataProTest" time="0.001"/>
  <system-out/>
  <testcase classname="com.testNGpractice.DataProviderPractice" name="dataProTest" time="0.002"/>
  <system-out/>
  <testcase classname="com.testNGpractice.DataProviderPractice" name="dataProTest1" time="0.001"/>
  <system-out>
    <![CDATA[Test pass]]>
  </system-out>
  <testcase classname="com.testNGpractice.DataProviderPractice" name="dataProTest" time="0.001"/>
  <system-out/>
</testsuite> <!-- com.testNGpractice.DataProviderPractice -->
