<?xml version="1.0" encoding="UTF-8"?>
<!-- Generated by org.testng.reporters.JUnitReportReporter -->
<testsuite hostname="DESKTOP-A2L4RGV" failures="0" tests="1" name="com.generic.Screenshot" time="2.874" errors="0" timestamp="2022-11-18T11:37:24 IST" skipped="0">
  <testcase classname="com.generic.Screenshot" name="t" time="2.874"/>
  <system-out/>
</testsuite> <!-- com.generic.Screenshot -->
