<?xml version="1.0" encoding="UTF-8"?>
<!-- Generated by org.testng.reporters.JUnitReportReporter -->
<testsuite hostname="DESKTOP-A2L4RGV" failures="0" tests="1" name="com.TestNgTestScript.AdmincreatepackageTest" time="6.746" errors="0" timestamp="2022-12-16T18:18:53 IST" skipped="0">
  <testcase classname="com.TestNgTestScript.AdmincreatepackageTest" name="testCase1" time="6.746"/>
  <system-out>
    <![CDATA[system Test case1 is pass]]>
  </system-out>
</testsuite> <!-- com.TestNgTestScript.AdmincreatepackageTest -->
