<?xml version="1.0" encoding="UTF-8"?>
<!-- Generated by org.testng.reporters.JUnitReportReporter -->
<testsuite hostname="DESKTOP-A2L4RGV" failures="0" tests="2" name="com.practice.TestNgPractice" time="0.010" errors="0" timestamp="2022-12-02T13:09:10 IST" skipped="0">
  <testcase classname="com.practice.TestNgPractice" name="T1" time="0.008"/>
  <system-out/>
  <testcase classname="com.practice.TestNgPractice" name="T2" time="0.002"/>
  <system-out/>
</testsuite> <!-- com.practice.TestNgPractice -->
