<?xml version="1.0" encoding="UTF-8"?>
<!-- Generated by org.testng.reporters.JUnitReportReporter -->
<testsuite hostname="DESKTOP-A2L4RGV" failures="0" tests="1" name="com.newTestScripts.UserChangemobileNumTest" time="3.414" errors="0" timestamp="2022-12-16T17:01:57 IST" skipped="0">
  <testcase classname="com.newTestScripts.UserChangemobileNumTest" name="testcase5" time="3.414"/>
  <system-out>
    <![CDATA[User is Successfully logged in]]>
  </system-out>
</testsuite> <!-- com.newTestScripts.UserChangemobileNumTest -->
