<?xml version="1.0" encoding="UTF-8"?>
<!-- Generated by org.testng.reporters.JUnitReportReporter -->
<testsuite hostname="DESKTOP-A2L4RGV" failures="0" tests="3" name="com.testNGpractice.TestNgPractice1" time="0.005" errors="0" timestamp="2022-12-06T15:50:28 IST" skipped="0">
  <testcase classname="com.testNGpractice.TestNgPractice1" name="T1" time="0.002"/>
  <system-out/>
  <testcase classname="com.testNGpractice.TestNgPractice1" name="T2" time="0.002"/>
  <system-out/>
  <testcase classname="com.testNGpractice.TestNgPractice1" name="T4" time="0.001"/>
  <system-out/>
</testsuite> <!-- com.testNGpractice.TestNgPractice1 -->
