<?xml version="1.0" encoding="UTF-8"?>
<!-- Generated by org.testng.reporters.JUnitReportReporter -->
<testsuite hostname="DESKTOP-A2L4RGV" failures="0" tests="1" name="com.testNGpractice.FetchDataFromCMDprompt" time="0.009" errors="0" timestamp="2022-12-14T15:39:29 IST" skipped="0">
  <testcase classname="com.testNGpractice.FetchDataFromCMDprompt" name="cmdPAssData" time="0.009"/>
  <system-out/>
</testsuite> <!-- com.testNGpractice.FetchDataFromCMDprompt -->
