<?xml version="1.0" encoding="UTF-8"?>
<!-- Generated by org.testng.reporters.JUnitReportReporter -->
<testsuite hostname="DESKTOP-A2L4RGV" failures="0" tests="1" name="com.holidaygurutravel.trail" time="59.439" errors="0" timestamp="2022-11-16T10:17:01 IST" skipped="0">
  <testcase classname="com.holidaygurutravel.trail" name="flipkartTip" time="59.439"/>
  <system-out/>
</testsuite> <!-- com.holidaygurutravel.trail -->
