<?xml version="1.0" encoding="UTF-8"?>
<!-- Generated by org.testng.reporters.JUnitReportReporter -->
<testsuite hostname="DESKTOP-A2L4RGV" failures="0" tests="1" name="com.testNGpractice.Cmdprompt" time="0.007" errors="0" timestamp="2022-12-14T17:22:44 IST" skipped="0">
  <testcase classname="com.testNGpractice.Cmdprompt" name="cmdprompt" time="0.007"/>
  <system-out/>
</testsuite> <!-- com.testNGpractice.Cmdprompt -->
