<?xml version="1.0" encoding="UTF-8"?>
<!-- Generated by org.testng.reporters.JUnitReportReporter -->
<testsuite hostname="DESKTOP-A2L4RGV" failures="0" tests="1" name="com.testscript.AdmincreatedpackageverifyTest" time="6.694" errors="0" timestamp="2022-11-21T14:48:54 IST" skipped="0">
  <testcase classname="com.testscript.AdmincreatedpackageverifyTest" name="admincreatepackageVerify" time="6.694"/>
  <system-out/>
</testsuite> <!-- com.testscript.AdmincreatedpackageverifyTest -->
