<?xml version="1.0" encoding="UTF-8"?>
<!-- Generated by org.testng.reporters.JUnitReportReporter -->
<testsuite hostname="DESKTOP-A2L4RGV" failures="0" tests="4" name="com.TestNgTestScript.Testcasses" time="26.028" errors="0" timestamp="2022-12-19T10:54:42 IST" skipped="0">
  <testcase classname="com.TestNgTestScript.Testcasses" name="AdmincreatepackageTest" time="5.502"/>
  <system-out>
    <![CDATA[system Test case1 is pass]]>
  </system-out>
  <testcase classname="com.TestNgTestScript.Testcasses" name="AdmincreatedpackageverifyTest" time="7.040"/>
  <system-out>
    <![CDATA[User is Successfully logged in
Admin created Package is Displayed in user module
integration Test case2 is Pass]]>
  </system-out>
  <testcase classname="com.TestNgTestScript.Testcasses" name="UserbookpackageTest" time="5.005"/>
  <system-out>
    <![CDATA[User is Successfully logged in
regrasion Test case3 is pass]]>
  </system-out>
  <testcase classname="com.TestNgTestScript.Testcasses" name="UserpasswordchangeTest" time="8.481"/>
  <system-out>
    <![CDATA[User is Successfully logged in
Password is changed successfully
Logged in With NewPasword is Succes
integration Test case4 is Passed]]>
  </system-out>
</testsuite> <!-- com.TestNgTestScript.Testcasses -->
