<?xml version="1.0" encoding="UTF-8"?>
<!-- Generated by org.testng.reporters.JUnitReportReporter -->
<testsuite hostname="DESKTOP-A2L4RGV" failures="0" tests="1" name="com.testNGpractice.ExtentReportPractice" time="0.886" errors="0" timestamp="2022-12-09T11:12:30 IST" skipped="0">
  <testcase classname="com.testNGpractice.ExtentReportPractice" name="ExtentReport" time="0.886"/>
  <system-out/>
</testsuite> <!-- com.testNGpractice.ExtentReportPractice -->
