<?xml version="1.0" encoding="UTF-8"?>
<!-- Generated by org.testng.reporters.JUnitReportReporter -->
<testsuite hostname="DESKTOP-A2L4RGV" failures="0" tests="1" name="com.testscript.AdmincreatepackageTest" time="6.641" errors="0" timestamp="2022-11-21T12:34:12 IST" skipped="0">
  <testcase classname="com.testscript.AdmincreatepackageTest" name="admincreatePackage" time="6.641"/>
  <system-out/>
</testsuite> <!-- com.testscript.AdmincreatepackageTest -->
