<?xml version="1.0" encoding="UTF-8"?>
<!-- Generated by org.testng.reporters.JUnitReportReporter -->
<testsuite hostname="DESKTOP-A2L4RGV" failures="0" tests="1" name="com.testscript.UserbookpackageTest" time="14.598" errors="0" timestamp="2022-11-22T12:05:41 IST" skipped="0">
  <testcase classname="com.testscript.UserbookpackageTest" name="userbookTest" time="14.598"/>
  <system-out/>
</testsuite> <!-- com.testscript.UserbookpackageTest -->
