<?xml version="1.0" encoding="UTF-8"?>
<!-- Generated by org.testng.reporters.JUnitReportReporter -->
<testsuite hostname="DESKTOP-A2L4RGV" failures="0" tests="1" name="com.TestNgTestScript.UserpasswordchangeTest" time="7.535" errors="0" timestamp="2022-12-16T18:18:53 IST" skipped="0">
  <testcase classname="com.TestNgTestScript.UserpasswordchangeTest" name="testCase4" time="7.535"/>
  <system-out>
    <![CDATA[User is Successfully logged in
Password is changed successfully
Logged in With NewPasword is Succes
integration Test case4 is Passed]]>
  </system-out>
</testsuite> <!-- com.TestNgTestScript.UserpasswordchangeTest -->
