<?xml version="1.0" encoding="UTF-8"?>
<!-- Generated by org.testng.reporters.JUnitReportReporter -->
<testsuite hostname="DESKTOP-A2L4RGV" failures="0" tests="1" name="com.testscript.UserpasswordchangeTest" time="10.180" errors="0" timestamp="2022-11-21T14:49:47 IST" skipped="0">
  <testcase classname="com.testscript.UserpasswordchangeTest" name="changepassword" time="10.180"/>
  <system-out/>
</testsuite> <!-- com.testscript.UserpasswordchangeTest -->
