<?xml version="1.0" encoding="UTF-8"?>
<!-- Generated by org.testng.reporters.JUnitReportReporter -->
<testsuite hostname="DESKTOP-A2L4RGV" failures="0" tests="1" name="com.testNGpractice.TestNgPractice3" time="0.001" errors="0" timestamp="2022-12-02T16:42:17 IST" skipped="0">
  <testcase classname="com.testNGpractice.TestNgPractice3" name="T3" time="0.001"/>
  <system-out/>
</testsuite> <!-- com.testNGpractice.TestNgPractice3 -->
