<?xml version="1.0" encoding="UTF-8"?>
<!-- Generated by org.testng.reporters.JUnitReportReporter -->
<testsuite hostname="DESKTOP-A2L4RGV" name="com.testNGpractice.TestNgPractice2" tests="2" failures="0" timestamp="15 Dec 2022 06:03:46 GMT" time="55.039" errors="0">
  <testcase name="p2T2" time="0.000" classname="com.testNGpractice.TestNgPractice2"/>
  <testcase name="lunchBrowser" time="55.039" classname="com.testNGpractice.TestNgPractice2"/>
</testsuite> <!-- com.testNGpractice.TestNgPractice2 -->
