<?xml version="1.0" encoding="UTF-8"?>
<!-- Generated by org.testng.reporters.JUnitReportReporter -->
<testsuite hostname="DESKTOP-A2L4RGV" name="com.testNGpractice.DataProviderPractice" tests="15" failures="0" timestamp="15 Dec 2022 06:03:46 GMT" time="0.012" errors="0">
  <testcase name="dataProTest" time="0.000" classname="com.testNGpractice.DataProviderPractice"/>
  <testcase name="dataProTest1" time="0.000" classname="com.testNGpractice.DataProviderPractice"/>
  <testcase name="dataProTest1" time="0.000" classname="com.testNGpractice.DataProviderPractice"/>
  <testcase name="dataProTest1" time="0.000" classname="com.testNGpractice.DataProviderPractice"/>
  <testcase name="dataProTest1" time="0.000" classname="com.testNGpractice.DataProviderPractice"/>
  <testcase name="dataProTest1" time="0.001" classname="com.testNGpractice.DataProviderPractice"/>
  <testcase name="dataProTest1" time="0.000" classname="com.testNGpractice.DataProviderPractice"/>
  <testcase name="dataProTest1" time="0.000" classname="com.testNGpractice.DataProviderPractice"/>
  <testcase name="dataProTest" time="0.000" classname="com.testNGpractice.DataProviderPractice"/>
  <testcase name="dataProTest" time="0.001" classname="com.testNGpractice.DataProviderPractice"/>
  <testcase name="dataProTest1" time="0.000" classname="com.testNGpractice.DataProviderPractice"/>
  <testcase name="dataProTest" time="0.008" classname="com.testNGpractice.DataProviderPractice"/>
  <testcase name="dataProTest1" time="0.001" classname="com.testNGpractice.DataProviderPractice"/>
  <testcase name="dataProTest1" time="0.000" classname="com.testNGpractice.DataProviderPractice"/>
  <testcase name="dataProTest1" time="0.001" classname="com.testNGpractice.DataProviderPractice"/>
</testsuite> <!-- com.testNGpractice.DataProviderPractice -->
